0 info it worked if it ends with ok
1 verbose cli [ '/usr/bin/nodejs',
1 verbose cli   '/usr/bin/npm',
1 verbose cli   'unpublish',
1 verbose cli   'scw',
1 verbose cli   '--force' ]
2 info using npm@3.10.10
3 info using node@v6.11.2
4 warn using --force I sure hope you know what you are doing.
5 silly unpublish args[0] scw
6 silly unpublish thing Result {
6 silly unpublish   raw: 'scw',
6 silly unpublish   scope: null,
6 silly unpublish   escapedName: 'scw',
6 silly unpublish   name: 'scw',
6 silly unpublish   rawSpec: '',
6 silly unpublish   spec: 'latest',
6 silly unpublish   type: 'tag' }
7 verbose getPublishConfig null
8 silly ls normalized scw
9 silly gentlyRm /home/gergo/.npm/scw is being purged
10 verbose gentlyRm don't care about contents; nuking /home/gergo/.npm/scw
11 silly vacuum-fs purging /home/gergo/.npm/scw
12 silly vacuum-fs quitting because other entries in /home/gergo/.npm
13 silly mapToRegistry name scw
14 silly mapToRegistry using default registry
15 silly mapToRegistry registry https://registry.npmjs.org/
16 silly mapToRegistry data Result {
16 silly mapToRegistry   raw: 'scw',
16 silly mapToRegistry   scope: null,
16 silly mapToRegistry   escapedName: 'scw',
16 silly mapToRegistry   name: 'scw',
16 silly mapToRegistry   rawSpec: '',
16 silly mapToRegistry   spec: 'latest',
16 silly mapToRegistry   type: 'tag' }
17 silly mapToRegistry uri https://registry.npmjs.org/scw
18 verbose get GET as part of write; not caching result
19 verbose request uri https://registry.npmjs.org/scw?write=true
20 verbose request no auth needed
21 info attempt registry request try #1 at 10:08:05 PM
22 verbose request using bearer token for auth
23 verbose request id 8d8b71708d43daea
24 http request GET https://registry.npmjs.org/scw?write=true
25 http 200 https://registry.npmjs.org/scw?write=true
26 verbose headers { server: 'CouchDB/1.5.0 (Erlang OTP/R16B03)',
26 verbose headers   'content-type': 'application/json',
26 verbose headers   etag: '"59ae9fa7-71a"',
26 verbose headers   'content-encoding': 'gzip',
26 verbose headers   'cache-control': 'max-age=0',
26 verbose headers   'transfer-encoding': 'chunked',
26 verbose headers   'accept-ranges': 'bytes',
26 verbose headers   date: 'Tue, 05 Sep 2017 13:08:05 GMT',
26 verbose headers   via: '1.1 varnish',
26 verbose headers   connection: 'keep-alive',
26 verbose headers   'x-served-by': 'cache-nrt6129-NRT',
26 verbose headers   'x-cache': 'MISS',
26 verbose headers   'x-cache-hits': '0',
26 verbose headers   'x-timer': 'S1504616885.312835,VS0,VE163',
26 verbose headers   vary: 'Accept-Encoding' }
27 silly get cb [ 200,
27 silly get   { server: 'CouchDB/1.5.0 (Erlang OTP/R16B03)',
27 silly get     'content-type': 'application/json',
27 silly get     etag: '"59ae9fa7-71a"',
27 silly get     'content-encoding': 'gzip',
27 silly get     'cache-control': 'max-age=0',
27 silly get     'transfer-encoding': 'chunked',
27 silly get     'accept-ranges': 'bytes',
27 silly get     date: 'Tue, 05 Sep 2017 13:08:05 GMT',
27 silly get     via: '1.1 varnish',
27 silly get     connection: 'keep-alive',
27 silly get     'x-served-by': 'cache-nrt6129-NRT',
27 silly get     'x-cache': 'MISS',
27 silly get     'x-cache-hits': '0',
27 silly get     'x-timer': 'S1504616885.312835,VS0,VE163',
27 silly get     vary: 'Accept-Encoding' } ]
28 verbose get saving scw to /home/gergo/.npm/registry.npmjs.org/scw_3Fwrite_3Dtrue/.cache.json
29 verbose correctMkdir /home/gergo/.npm correctMkdir not in flight; initializing
30 info unpublish No version specified, removing all
31 verbose request uri https://registry.npmjs.org/scw/-rev/1-f8caa4a0ebf20dbe8b69d0c608d991e0
32 verbose request sending authorization for write operation
33 info attempt registry request try #1 at 10:08:05 PM
34 verbose request using bearer token for auth
35 http request DELETE https://registry.npmjs.org/scw/-rev/1-f8caa4a0ebf20dbe8b69d0c608d991e0
36 http 500 https://registry.npmjs.org/scw/-rev/1-f8caa4a0ebf20dbe8b69d0c608d991e0
37 verbose headers { 'content-type': 'application/json',
37 verbose headers   'cache-control': 'max-age=0',
37 verbose headers   'content-length': '35',
37 verbose headers   'accept-ranges': 'bytes',
37 verbose headers   date: 'Tue, 05 Sep 2017 13:08:07 GMT',
37 verbose headers   via: '1.1 varnish',
37 verbose headers   connection: 'keep-alive',
37 verbose headers   'x-served-by': 'cache-nrt6129-NRT',
37 verbose headers   'x-cache': 'MISS',
37 verbose headers   'x-cache-hits': '0',
37 verbose headers   'x-timer': 'S1504616886.530403,VS0,VE2222' }
38 info retry will retry, error on last attempt: Error: Failure : scw
39 info attempt registry request try #2 at 10:08:17 PM
40 verbose request using bearer token for auth
41 http request DELETE https://registry.npmjs.org/scw/-rev/1-f8caa4a0ebf20dbe8b69d0c608d991e0
42 http 403 https://registry.npmjs.org/scw/-rev/1-f8caa4a0ebf20dbe8b69d0c608d991e0
43 verbose headers { 'content-type': 'application/json',
43 verbose headers   'cache-control': 'max-age=300',
43 verbose headers   'content-length': '97',
43 verbose headers   'accept-ranges': 'bytes',
43 verbose headers   date: 'Tue, 05 Sep 2017 13:08:17 GMT',
43 verbose headers   via: '1.1 varnish',
43 verbose headers   connection: 'keep-alive',
43 verbose headers   'x-served-by': 'cache-nrt6129-NRT',
43 verbose headers   'x-cache': 'MISS',
43 verbose headers   'x-cache-hits': '0',
43 verbose headers   'x-timer': 'S1504616898.783722,VS0,VE179',
43 verbose headers   vary: 'Accept-Encoding, Accept' }
44 verbose request invalidating /home/gergo/.npm/registry.npmjs.org/scw on DELETE
45 verbose stack Error: You do not have permission to publish "scw". Are you logged in as the correct user? : scw
45 verbose stack     at makeError (/usr/lib/node_modules/npm/node_modules/npm-registry-client/lib/request.js:302:12)
45 verbose stack     at CachingRegistryClient.<anonymous> (/usr/lib/node_modules/npm/node_modules/npm-registry-client/lib/request.js:290:14)
45 verbose stack     at Request._callback (/usr/lib/node_modules/npm/node_modules/npm-registry-client/lib/request.js:210:14)
45 verbose stack     at Request.self.callback (/usr/lib/node_modules/npm/node_modules/request/request.js:187:22)
45 verbose stack     at emitTwo (events.js:106:13)
45 verbose stack     at Request.emit (events.js:191:7)
45 verbose stack     at Request.<anonymous> (/usr/lib/node_modules/npm/node_modules/request/request.js:1048:10)
45 verbose stack     at emitOne (events.js:96:13)
45 verbose stack     at Request.emit (events.js:188:7)
45 verbose stack     at IncomingMessage.<anonymous> (/usr/lib/node_modules/npm/node_modules/request/request.js:969:12)
46 verbose statusCode 403
47 verbose pkgid scw
48 verbose cwd /home/gergo/scw
49 error Linux 4.10.0-33-generic
50 error argv "/usr/bin/nodejs" "/usr/bin/npm" "unpublish" "scw" "--force"
51 error node v6.11.2
52 error npm  v3.10.10
53 error code E403
54 error You do not have permission to publish "scw". Are you logged in as the correct user? : scw
55 error If you need help, you may report this error at:
55 error     <https://github.com/npm/npm/issues>
56 verbose exit [ 1, true ]
